[2018-10-03 21:36:32] import.INFO: result {"member":"Ama","Company":395} []
[2018-10-03 21:36:32] import.INFO: result {"member":"","Company":482} []
[2018-10-03 21:36:32] import.INFO: result {"member":"Christopher Osei -","Company":92} []
[2018-10-03 21:36:32] import.INFO: result {"member":"Emmanuel","Company":501} []
[2018-10-03 21:36:32] import.INFO: result {"member":"Mrs Limata Seraphine","Company":360} []
[2018-10-03 21:36:32] import.INFO: result {"member":"M. Fabrice","Company":600} []
[2018-10-03 21:36:32] import.INFO: result {"member":"","Company":616} []
[2018-10-03 21:36:32] import.INFO: result {"member":"Michael","Company":78} []
[2018-10-03 21:36:32] import.INFO: result {"member":"Mr Benjamin","Company":165} []
[2018-10-03 21:36:32] import.INFO: result {"member":"Kafui","Company":248} []
[2018-10-03 21:36:32] import.INFO: result {"member":"Daniel","Company":406} []
[2018-10-03 21:36:32] import.INFO: result {"member":"Bright Adom","Company":188} []
[2018-10-03 21:36:32] import.INFO: result {"member":"Mr. S.n. Dowuona","Company":548} []
[2018-10-03 21:36:32] import.INFO: result {"member":"Ataa Tetteh","Company":154} []
[2018-10-03 21:36:32] import.INFO: result {"member":"Daniel","Company":368} []
[2018-10-03 21:36:32] import.INFO: result {"member":"","Company":422} []
[2018-10-03 21:36:32] import.INFO: result {"member":"Odjobi","Company":499} []
[2018-10-03 21:36:32] import.INFO: result {"member":"John","Company":612} []
[2018-10-03 21:36:32] import.INFO: result {"member":"Tony","Company":142} []
[2018-10-03 21:36:32] import.INFO: result {"member":"Augusta","Company":124} []
[2018-10-03 21:36:32] import.INFO: result {"member":"Anthony","Company":568} []
[2018-10-03 21:36:32] import.INFO: result {"member":"Kwabena Opagya","Company":384} []
[2018-10-03 21:36:32] import.INFO: result {"member":"Jemyma","Company":108} []
[2018-10-03 21:36:32] import.INFO: result {"member":"Cedric","Company":263} []
[2018-10-03 21:36:32] import.INFO: result {"member":"Alexander","Company":620} []
[2018-10-03 21:36:32] import.INFO: result {"member":"Benjamin","Company":12} []
[2018-10-03 21:36:32] import.INFO: result {"member":"Buckman K.","Company":508} []
[2018-10-03 21:36:32] import.INFO: result {"member":"Gilbert Kingsley","Company":113} []
[2018-10-03 21:36:32] import.INFO: result {"member":"Fred","Company":460} []
[2018-10-03 21:36:32] import.INFO: result {"member":"Edem","Company":537} []
[2018-10-03 21:36:32] import.INFO: result {"member":"Isaac Obeng","Company":362} []
[2018-10-03 21:36:32] import.INFO: result {"member":"","Company":266} []
[2018-10-03 21:36:32] import.INFO: result {"member":"Isaac","Company":256} []
[2018-10-03 21:36:32] import.INFO: result {"member":"Fiifi","Company":201} []
[2018-10-03 21:36:32] import.INFO: result {"member":"Robert","Company":410} []
[2018-10-03 21:36:32] import.INFO: result {"member":"","Company":551} []
[2018-10-03 21:36:32] import.INFO: result {"member":"Sylvia Baaba","Company":218} []
[2018-10-03 21:36:32] import.INFO: result {"member":"E. Ato","Company":5} []
[2018-10-03 21:36:32] import.INFO: result {"member":"Neneyo Asare","Company":506} []
[2018-10-03 21:36:32] import.INFO: result {"member":"Fuseini","Company":301} []
[2018-10-03 21:36:32] import.INFO: result {"member":"Roberta","Company":461} []
[2018-10-03 21:36:32] import.INFO: result {"member":"Samuel","Company":213} []
[2018-10-03 21:36:32] import.INFO: result {"member":"Amusu","Company":436} []
[2018-10-03 21:36:32] import.INFO: result {"member":"Eric","Company":522} []
[2018-10-03 21:36:32] import.INFO: result {"member":"Georgina","Company":504} []
[2018-10-03 21:36:32] import.INFO: result {"member":"Augustine Kafui","Company":119} []
[2018-10-03 21:36:32] import.INFO: result {"member":"Michael Nana","Company":570} []
[2018-10-03 21:36:32] import.INFO: result {"member":"Kenneth Kwame","Company":80} []
[2018-10-03 21:36:32] import.INFO: result {"member":"","Company":160} []
[2018-10-03 21:36:32] import.INFO: result {"member":"Sedem","Company":591} []
[2018-10-03 21:36:32] import.INFO: result {"member":"Tarek","Company":40} []
[2018-10-03 21:36:32] import.INFO: result {"member":"Korieh","Company":313} []
[2018-10-03 21:36:32] import.INFO: result {"member":"Mr Musah","Company":30} []
[2018-10-03 21:36:32] import.INFO: result {"member":"Mr. Quintin","Company":138} []
[2018-10-03 21:36:32] import.INFO: result {"member":"Henry","Company":91} []
[2018-10-03 21:36:32] import.INFO: result {"member":"Eunice","Company":477} []
[2018-10-03 21:36:32] import.INFO: result {"member":"Pob","Company":190} []
[2018-10-03 21:36:32] import.INFO: result {"member":"George","Company":306} []
[2018-10-03 21:36:32] import.INFO: result {"member":"Chima","Company":13} []
[2018-10-03 21:36:32] import.INFO: result {"member":"Kwaku","Company":335} []
[2018-10-03 21:36:32] import.INFO: result {"member":"","Company":189} []
[2018-10-03 21:36:32] import.INFO: result {"member":"Jonathan Alf","Company":524} []
[2018-10-03 21:36:32] import.INFO: result {"member":"Jacqueline Anita","Company":158} []
[2018-10-03 21:36:32] import.INFO: result {"member":"Kenneth Ato","Company":471} []
[2018-10-03 21:36:32] import.INFO: result {"member":"Peter Yao","Company":132} []
[2018-10-03 21:36:32] import.INFO: result {"member":"Charles","Company":126} []
[2018-10-03 21:36:32] import.INFO: result {"member":"Roseline","Company":412} []
[2018-10-03 21:36:32] import.INFO: result {"member":"Bob A.","Company":731} []
[2018-10-03 21:36:32] import.INFO: result {"member":"Felix","Company":46} []
[2018-10-03 21:36:32] import.INFO: result {"member":"Agnes","Company":1} []
[2018-10-03 21:36:32] import.INFO: result {"member":"Theresa","Company":10} []
[2018-10-03 21:36:32] import.INFO: result {"member":"Daniel","Company":331} []
[2018-10-03 21:36:32] import.INFO: result {"member":"Mr. Isaac","Company":391} []
[2018-10-03 21:36:32] import.INFO: result {"member":"Beatrice Efua Baah","Company":215} []
[2018-10-03 21:36:32] import.INFO: result {"member":"Reuben C.","Company":169} []
[2018-10-03 21:36:32] import.INFO: result {"member":"Charles","Company":427} []
[2018-10-03 21:36:32] import.INFO: result {"member":"Sheila Ofori","Company":601} []
[2018-10-03 21:36:32] import.INFO: result {"member":"","Company":503} []
[2018-10-03 21:36:32] import.INFO: result {"member":"Edward","Company":278} []
[2018-10-03 21:36:32] import.INFO: result {"member":"Nana Boafo","Company":273} []
[2018-10-03 21:36:32] import.INFO: result {"member":"Michael","Company":120} []
[2018-10-03 21:36:32] import.INFO: result {"member":"","Company":532} []
[2018-10-03 21:36:32] import.INFO: result {"member":"Joseph Esuman","Company":65} []
[2018-10-03 21:36:32] import.INFO: result {"member":"Justine Adua","Company":254} []
[2018-10-03 21:36:32] import.INFO: result {"member":"Sanusa","Company":223} []
[2018-10-03 21:36:32] import.INFO: result {"member":"Joseph Kofi","Company":232} []
[2018-10-03 21:36:32] import.INFO: result {"member":"","Company":1227} []
[2018-10-03 21:36:32] import.INFO: result {"member":"Sam","Company":526} []
[2018-10-03 21:36:32] import.INFO: result {"member":"David Osei","Company":250} []
[2018-10-03 21:36:32] import.INFO: result {"member":"Esther","Company":277} []
[2018-10-03 21:36:32] import.INFO: result {"member":"Mawuli","Company":428} []
[2018-10-03 21:36:32] import.INFO: result {"member":"Emmanuel Kwame","Company":584} []
[2018-10-03 21:36:32] import.INFO: result {"member":"Amma","Company":518} []
[2018-10-03 21:36:32] import.INFO: result {"member":"Abdul-ghaffar","Company":66} []
[2018-10-03 21:36:32] import.INFO: result {"member":"","Company":543} []
[2018-10-03 21:36:32] import.INFO: result {"member":"","Company":440} []
[2018-10-03 21:36:32] import.INFO: result {"member":"Dinah","Company":315} []
[2018-10-03 21:36:32] import.INFO: result {"member":"Tabitha","Company":51} []
[2018-10-03 21:36:32] import.INFO: result {"member":"Hayford Ofori","Company":608} []
[2018-10-03 21:36:32] import.INFO: result {"member":"Catherine Ama","Company":610} []
[2018-10-03 21:36:32] import.INFO: result {"member":"Anthony","Company":531} []
[2018-10-03 21:36:32] import.INFO: result {"member":"Enam Dotse","Company":128} []
[2018-10-03 21:36:32] import.INFO: result {"member":"Francis","Company":569} []
[2018-10-03 21:36:32] import.INFO: result {"member":"Georges Habib","Company":202} []
[2018-10-03 21:36:32] import.INFO: result {"member":"Nicholas","Company":14} []
[2018-10-03 21:36:32] import.INFO: result {"member":"Emmanuel","Company":426} []
[2018-10-03 21:36:32] import.INFO: result {"member":"Daniel","Company":498} []
[2018-10-03 21:36:32] import.INFO: result {"member":"Benny-jean","Company":123} []
[2018-10-03 21:36:32] import.INFO: result {"member":"Gladstone","Company":229} []
[2018-10-03 21:36:32] import.INFO: result {"member":"Prince","Company":515} []
[2018-10-03 21:36:32] import.INFO: result {"member":"Kwasi","Company":136} []
[2018-10-03 21:36:32] import.INFO: result {"member":"Daniel","Company":621} []
[2018-10-03 21:36:32] import.INFO: result {"member":"Courage","Company":479} []
[2018-10-03 21:36:32] import.INFO: result {"member":"Dominic","Company":281} []
[2018-10-03 21:36:32] import.INFO: result {"member":"Edmund Samuel","Company":279} []
[2018-10-03 21:36:32] import.INFO: result {"member":"Davis","Company":25} []
[2018-10-03 21:36:32] import.INFO: result {"member":"Stephen","Company":476} []
[2018-10-03 21:36:32] import.INFO: result {"member":"Emmanuel Kojo","Company":292} []
[2018-10-03 21:36:32] import.INFO: result {"member":"Mr Jesse Kyei","Company":174} []
[2018-10-03 21:36:32] import.INFO: result {"member":"","Company":414} []
[2018-10-03 21:36:32] import.INFO: result {"member":"Vincent K. A.","Company":55} []
[2018-10-03 21:36:32] import.INFO: result {"member":"Paul","Company":487} []
[2018-10-03 21:36:32] import.INFO: result {"member":"Desmond Delali","Company":23} []
[2018-10-03 21:36:32] import.INFO: result {"member":"Ernest Amartey","Company":615} []
[2018-10-03 21:36:32] import.INFO: result {"member":"Esinam Ayi","Company":59} []
[2018-10-03 21:36:32] import.INFO: result {"member":"Nicholas King","Company":462} []
[2018-10-03 21:36:32] import.INFO: result {"member":"Fred","Company":630} []
[2018-10-03 21:36:32] import.INFO: result {"member":"Edem","Company":364} []
[2018-10-03 21:36:32] import.INFO: result {"member":"","Company":255} []
[2018-10-03 21:36:32] import.INFO: result {"member":"Eugene","Company":525} []
[2018-10-03 21:36:32] import.INFO: result {"member":"Stella","Company":280} []
[2018-10-03 21:36:32] import.INFO: result {"member":"Albert","Company":300} []
[2018-10-03 21:36:32] import.INFO: result {"member":"Miriam","Company":204} []
[2018-10-03 21:36:32] import.INFO: result {"member":"Hanson","Company":284} []
[2018-10-03 21:36:32] import.INFO: result {"member":"Christian Okpoti","Company":567} []
[2018-10-03 21:36:32] import.INFO: result {"member":"Juliana Serwaa","Company":513} []
[2018-10-03 21:36:32] import.INFO: result {"member":"Ken","Company":416} []
[2018-10-03 21:36:32] import.INFO: result {"member":"Capt. Francis","Company":390} []
[2018-10-03 21:36:32] import.INFO: result {"member":"Giel Du Toit-felix","Company":589} []
[2018-10-03 21:36:32] import.INFO: result {"member":"Francis Owusu-nketia","Company":44} []
[2018-10-03 21:36:32] import.INFO: result {"member":"Alfred","Company":629} []
[2018-10-03 21:36:32] import.INFO: result {"member":"","Company":43} []
[2018-10-03 21:36:32] import.INFO: result {"member":"Kwame","Company":257} []
[2018-10-03 21:36:32] import.INFO: result {"member":"","Company":334} []
[2018-10-03 21:36:32] import.INFO: result {"member":"William","Company":118} []
[2018-10-03 21:36:32] import.INFO: result {"member":"","Company":592} []
[2018-10-03 21:36:33] import.INFO: result {"member":"Gabriel","Company":438} []
[2018-10-03 21:36:33] import.INFO: result {"member":"","Company":197} []
[2018-10-03 21:36:33] import.INFO: result {"member":"Mr. S.n. Dowuona","Company":102} []
[2018-10-03 21:36:33] import.INFO: result {"member":"Emmanuel","Company":566} []
[2018-10-03 21:36:33] import.INFO: result {"member":"","Company":15} []
[2018-10-03 21:36:33] import.INFO: result {"member":"Nkiru Nwahiri And Kwaku","Company":228} []
[2018-10-03 21:36:33] import.INFO: result {"member":"Nat","Company":193} []
[2018-10-03 21:36:33] import.INFO: result {"member":"Edwin","Company":552} []
[2018-10-03 21:36:33] import.INFO: result {"member":"Bernard","Company":494} []
[2018-10-03 21:36:33] import.INFO: result {"member":"Basil","Company":627} []
[2018-10-03 21:36:33] import.INFO: result {"member":"Mabel Mz.","Company":347} []
[2018-10-03 21:36:33] import.INFO: result {"member":"","Company":481} []
[2018-10-03 21:36:33] import.INFO: result {"member":"Samuel","Company":241} []
[2018-10-03 21:36:33] import.INFO: result {"member":"Mr Paa Kwesi","Company":297} []
[2018-10-03 21:36:33] import.INFO: result {"member":"Romel Abroquah","Company":194} []
[2018-10-03 21:36:33] import.INFO: result {"member":"Samuel","Company":634} []
[2018-10-03 21:36:33] import.INFO: result {"member":"Simon","Company":327} []
[2018-10-03 21:36:33] import.INFO: result {"member":"","Company":288} []
[2018-10-03 21:36:33] import.INFO: result {"member":"Edem","Company":333} []
[2018-10-03 21:36:33] import.INFO: result {"member":"Louisa P.","Company":423} []
[2018-10-03 21:36:33] import.INFO: result {"member":"Akwasi","Company":373} []
[2018-10-03 21:36:33] import.INFO: result {"member":"Ziyad","Company":393} []
[2018-10-03 21:36:33] import.INFO: result {"member":"Francis","Company":510} []
[2018-10-03 21:36:33] import.INFO: result {"member":"Laura Elolo","Company":222} []
[2018-10-03 21:36:33] import.INFO: result {"member":"Hussam","Company":342} []
[2018-10-03 21:36:33] import.INFO: result {"member":"Handymen","Company":392} []
[2018-10-03 21:36:33] import.INFO: result {"member":"Kwame","Company":64} []
[2018-10-03 21:36:33] import.INFO: result {"member":"Isaac","Company":365} []
[2018-10-03 21:36:33] import.INFO: result {"member":"Lenon","Company":31} []
[2018-10-03 21:36:33] import.INFO: result {"member":"Fred Kwame","Company":387} []
[2018-10-03 21:36:33] import.INFO: result {"member":"Mireille","Company":581} []
[2018-10-03 21:36:33] import.INFO: result {"member":"Henry Obeng","Company":346} []
[2018-10-03 21:36:33] import.INFO: result {"member":"Gabriel","Company":372} []
[2018-10-03 21:36:33] import.INFO: result {"member":"Jewel","Company":205} []
[2018-10-03 21:36:33] import.INFO: result {"member":"Esinam","Company":605} []
[2018-10-03 21:36:33] import.INFO: result {"member":"Philip","Company":210} []
[2018-10-03 21:36:33] import.INFO: result {"member":"Benjamin Yaw","Company":527} []
[2018-10-03 21:36:33] import.INFO: result {"member":"Lydianne","Company":376} []
[2018-10-03 21:36:33] import.INFO: result {"member":"Kwasi Osei","Company":139} []
[2018-10-03 21:36:33] import.INFO: result {"member":"Samuel","Company":296} []
[2018-10-03 21:36:33] import.INFO: result {"member":"Agyenna","Company":135} []
[2018-10-03 21:36:33] import.INFO: result {"member":"Setor","Company":134} []
[2018-10-03 21:36:33] import.INFO: result {"member":"Nicholas","Company":151} []
[2018-10-03 21:36:33] import.INFO: result {"member":"Mr Joe","Company":359} []
[2018-10-03 21:36:33] import.INFO: result {"member":"David","Company":478} []
[2018-10-03 21:36:33] import.INFO: result {"member":"","Company":247} []
[2018-10-03 21:36:33] import.INFO: result {"member":"Esther","Company":388} []
[2018-10-03 21:36:33] import.INFO: result {"member":"Philip","Company":358} []
[2018-10-03 21:36:33] import.INFO: result {"member":"Wilma Bruce","Company":265} []
[2018-10-03 21:36:33] import.INFO: result {"member":"Mr Richard","Company":220} []
[2018-10-03 21:36:33] import.INFO: result {"member":"Bright","Company":336} []
[2018-10-03 21:36:33] import.INFO: result {"member":"Delali","Company":234} []
[2018-10-03 21:36:33] import.INFO: result {"member":"","Company":474} []
[2018-10-03 21:36:33] import.INFO: result {"member":"Abbas","Company":434} []
[2018-10-03 21:36:33] import.INFO: result {"member":"","Company":328} []
[2018-10-03 21:36:33] import.INFO: result {"member":"Opey Francis","Company":282} []
[2018-10-03 21:36:33] import.INFO: result {"member":"I.b.","Company":131} []
[2018-10-03 21:36:33] import.INFO: result {"member":"Jonathan","Company":403} []
[2018-10-03 21:36:33] import.INFO: result {"member":"","Company":472} []
[2018-10-03 21:36:33] import.INFO: result {"member":"Ishmael","Company":603} []
[2018-10-03 21:36:33] import.INFO: result {"member":"","Company":87} []
[2018-10-03 21:36:33] import.INFO: result {"member":"Richard","Company":356} []
[2018-10-03 21:36:33] import.INFO: result {"member":"Carlotta","Company":127} []
[2018-10-03 21:36:33] import.INFO: result {"member":"","Company":86} []
[2018-10-03 21:36:33] import.INFO: result {"member":"Nana Oparebea","Company":466} []
[2018-10-03 21:36:33] import.INFO: result {"member":"","Company":400} []
[2018-10-03 21:36:33] import.INFO: result {"member":"Raymond Addo","Company":88} []
[2018-10-03 21:36:33] import.INFO: result {"member":"Richard","Company":404} []
[2018-10-03 21:36:33] import.INFO: result {"member":"Jason Cyril","Company":275} []
[2018-10-03 21:36:33] import.INFO: result {"member":"Kingsford","Company":85} []
[2018-10-03 21:36:33] import.INFO: result {"member":"Emmmanuel Kofi","Company":312} []
[2018-10-03 21:36:33] import.INFO: result {"member":"Kwasi","Company":497} []
[2018-10-03 21:36:33] import.INFO: result {"member":"F. Kweku","Company":469} []
[2018-10-03 21:36:33] import.INFO: result {"member":"Vitalis","Company":17} []
[2018-10-03 21:36:33] import.INFO: result {"member":"","Company":465} []
[2018-10-03 21:36:33] import.INFO: result {"member":"Alhassan","Company":628} []
[2018-10-03 21:36:33] import.INFO: result {"member":"Darryl Kojo","Company":175} []
[2018-10-03 21:36:33] import.INFO: result {"member":"Sammy","Company":196} []
[2018-10-03 21:36:33] import.INFO: result {"member":"Delight","Company":106} []
[2018-10-03 21:36:33] import.INFO: result {"member":"Roger","Company":617} []
[2018-10-03 21:36:33] import.INFO: result {"member":"James","Company":121} []
[2018-10-03 21:36:33] import.INFO: result {"member":"Frank Parker","Company":89} []
[2018-10-03 21:36:33] import.INFO: result {"member":"Edward W.","Company":536} []
[2018-10-03 21:36:33] import.INFO: result {"member":"Mawuli","Company":433} []
[2018-10-03 21:36:33] import.INFO: result {"member":"","Company":227} []
[2018-10-03 21:36:33] import.INFO: result {"member":"Nana Ayisi","Company":502} []
[2018-10-03 21:36:33] import.INFO: result {"member":"Nicholas","Company":611} []
[2018-10-03 21:36:33] import.INFO: result {"member":"Afriyie","Company":129} []
[2018-10-03 21:36:33] import.INFO: result {"member":"Gisele Dede","Company":374} []
[2018-10-03 21:36:33] import.INFO: result {"member":"Alexis Akyaa Boahen","Company":399} []
[2018-10-03 21:36:33] import.INFO: result {"member":"Charles","Company":370} []
[2018-10-03 21:36:33] import.INFO: result {"member":"Mark","Company":105} []
[2018-10-03 21:36:33] import.INFO: result {"member":"Bright Elorm","Company":53} []
[2018-10-03 21:36:33] import.INFO: result {"member":"Philip","Company":511} []
[2018-10-03 21:36:33] import.INFO: result {"member":"","Company":341} []
[2018-10-03 21:36:33] import.INFO: result {"member":"","Company":495} []
[2018-10-03 21:36:33] import.INFO: result {"member":"Amma Adjeiwaa","Company":116} []
[2018-10-03 21:36:33] import.INFO: result {"member":"George ","Company":101} []
[2018-10-03 21:36:33] import.INFO: result {"member":"Michael","Company":579} []
[2018-10-03 21:36:33] import.INFO: result {"member":"Mr. Andrew Kofi","Company":290} []
[2018-10-03 21:36:33] import.INFO: result {"member":"Kingsley","Company":224} []
[2018-10-03 21:36:33] import.INFO: result {"member":"Stephen","Company":378} []
[2018-10-03 21:36:33] import.INFO: result {"member":"Mike","Company":8} []
[2018-10-03 21:36:33] import.INFO: result {"member":"Philomena","Company":396} []
[2018-10-03 21:36:33] import.INFO: result {"member":"Carl","Company":602} []
[2018-10-03 21:36:33] import.INFO: result {"member":"","Company":156} []
[2018-10-03 21:36:33] import.INFO: result {"member":"Dan","Company":338} []
[2018-10-03 21:36:33] import.INFO: result {"member":"Andrew","Company":401} []
[2018-10-03 21:36:33] import.INFO: result {"member":"William","Company":242} []
[2018-10-03 21:36:33] import.INFO: result {"member":"Mavis","Company":274} []
[2018-10-03 21:36:33] import.INFO: result {"member":"Samuel","Company":521} []
[2018-10-03 21:36:33] import.INFO: result {"member":"Felicia","Company":32} []
[2018-10-03 21:36:33] import.INFO: result {"member":"Naa Nuerkie","Company":437} []
[2018-10-03 21:36:33] import.INFO: result {"member":"Francis Benjamin","Company":349} []
[2018-10-03 21:36:33] import.INFO: result {"member":"Richard Kofi","Company":385} []
[2018-10-03 21:36:33] import.INFO: result {"member":"","Company":425} []
[2018-10-03 21:36:33] import.INFO: result {"member":"Esther","Company":99} []
[2018-10-03 21:36:33] import.INFO: result {"member":"","Company":93} []
[2018-10-03 21:36:33] import.INFO: result {"member":"Abena Korkor","Company":147} []
[2018-10-03 21:36:33] import.INFO: result {"member":"Odile","Company":573} []
[2018-10-03 21:36:33] import.INFO: result {"member":"","Company":33} []
[2018-10-03 21:36:33] import.INFO: result {"member":"Nana Aboagye","Company":316} []
[2018-10-03 21:36:33] import.INFO: result {"member":"Mr. S.n. Dowuona","Company":102} []
[2018-10-03 21:36:33] import.INFO: result {"member":"Yousef","Company":352} []
[2018-10-03 21:36:33] import.INFO: result {"member":"Philemon Kweku","Company":547} []
[2018-10-03 21:36:33] import.INFO: result {"member":"Jumoke","Company":450} []
[2018-10-03 21:36:33] import.INFO: result {"member":"Francesco","Company":407} []
[2018-10-03 21:36:33] import.INFO: result {"member":"Nathaniel","Company":96} []
[2018-10-03 21:36:33] import.INFO: result {"member":"Charles","Company":90} []
[2018-10-03 21:36:33] import.INFO: result {"member":"Bilal","Company":208} []
[2018-10-03 21:36:33] import.INFO: result {"member":"George","Company":332} []
[2018-10-03 21:36:33] import.INFO: result {"member":"Edmund","Company":276} []
[2018-10-03 21:36:33] import.INFO: result {"member":"Dr Moses Ekow","Company":152} []
[2018-10-03 21:36:33] import.INFO: result {"member":"Erica Asiedua","Company":26} []
[2018-10-03 21:36:33] import.INFO: result {"member":"Gabriella","Company":363} []
[2018-10-03 21:36:33] import.INFO: result {"member":"Kwaku","Company":582} []
[2018-10-03 21:36:33] import.INFO: result {"member":"Daniella","Company":415} []
[2018-10-03 21:36:33] import.INFO: result {"member":"Evans Preko","Company":216} []
[2018-10-03 21:36:33] import.INFO: result {"member":"Juliet Hassana","Company":538} []
[2018-10-03 21:36:33] import.INFO: result {"member":"Roland Adjei","Company":484} []
[2018-10-03 21:36:33] import.INFO: result {"member":"Francis","Company":544} []
[2018-10-03 21:36:33] import.INFO: result {"member":"Franklin","Company":115} []
[2018-10-03 21:36:33] import.INFO: result {"member":"Preye","Company":178} []
[2018-10-03 21:36:33] import.INFO: result {"member":"Sam Akwasi","Company":212} []
[2018-10-03 21:36:33] import.INFO: result {"member":"Florence","Company":253} []
[2018-10-03 21:36:33] import.INFO: result {"member":"Bridge Adams","Company":451} []
[2018-10-03 21:36:33] import.INFO: result {"member":"Kwadjo","Company":641} []
[2018-10-03 21:36:33] import.INFO: result {"member":"Theophilus","Company":11} []
[2018-10-03 21:36:33] import.INFO: result {"member":"Kofi","Company":308} []
[2018-10-03 21:36:33] import.INFO: result {"member":"Prince","Company":480} []
[2018-10-03 21:36:33] import.INFO: result {"member":"Richard","Company":424} []
[2018-10-03 21:36:33] import.INFO: result {"member":"Abdul Rahman","Company":397} []
[2018-10-03 21:36:33] import.INFO: result {"member":"Emmanuel Pnk","Company":323} []
[2018-10-03 21:36:33] import.INFO: result {"member":"Isaac","Company":260} []
[2018-10-03 21:36:33] import.INFO: result {"member":"Rafeeq","Company":57} []
[2018-10-03 21:36:33] import.INFO: result {"member":"Jemima Kukua","Company":294} []
[2018-10-03 21:36:33] import.INFO: result {"member":"Kwadwo","Company":303} []
[2018-10-03 21:36:33] import.INFO: result {"member":"Selina Abafoah","Company":243} []
[2018-10-03 21:36:33] import.INFO: result {"member":"Charles Yao","Company":149} []
[2018-10-03 21:36:33] import.INFO: result {"member":"Steven","Company":578} []
[2018-10-03 21:36:33] import.INFO: result {"member":"Joseph","Company":519} []
[2018-10-03 21:36:33] import.INFO: result {"member":"Brenda Asare -","Company":398} []
[2018-10-03 21:36:33] import.INFO: result {"member":"Rabel","Company":586} []
[2018-10-03 21:36:33] import.INFO: result {"member":"Jacob Adofo","Company":509} []
[2018-10-03 21:36:33] import.INFO: result {"member":"Rolland","Company":109} []
[2018-10-03 21:36:33] import.INFO: result {"member":"Evelyn","Company":505} []
[2018-10-03 21:36:33] import.INFO: result {"member":"Raymond","Company":198} []
[2018-10-03 21:36:33] import.INFO: result {"member":"Vincent","Company":596} []
[2018-10-03 21:36:33] import.INFO: result {"member":"David Manu","Company":144} []
[2018-10-03 21:36:33] import.INFO: result {"member":"","Company":298} []
[2018-10-03 21:36:33] import.INFO: result {"member":"","Company":446} []
[2018-10-03 21:36:33] import.INFO: result {"member":"Reynolds","Company":159} []
[2018-10-03 21:36:33] import.INFO: result {"member":"Samuel","Company":100} []
[2018-10-03 21:36:33] import.INFO: result {"member":"Dr. Linda","Company":386} []
[2018-10-03 21:36:33] import.INFO: result {"member":"Richard","Company":340} []
[2018-10-03 21:36:33] import.INFO: result {"member":"Eric","Company":463} []
[2018-10-03 21:36:33] import.INFO: result {"member":"Mr. Godwin K.","Company":565} []
[2018-10-03 21:36:33] import.INFO: result {"member":"David","Company":382} []
[2018-10-03 21:36:33] import.INFO: result {"member":"Nana","Company":576} []
[2018-10-03 21:36:33] import.INFO: result {"member":"Rina International Development","Company":553} []
[2018-10-03 21:36:33] import.INFO: result {"member":"Rockson","Company":95} []
[2018-10-03 21:36:33] import.INFO: result {"member":"George","Company":613} []
[2018-10-03 21:36:33] import.INFO: result {"member":"Frank","Company":6} []
[2018-10-03 21:36:33] import.INFO: result {"member":"Aurelien","Company":258} []
[2018-10-03 21:36:33] import.INFO: result {"member":"Kwesi","Company":238} []
[2018-10-03 21:36:33] import.INFO: result {"member":"Dussey","Company":170} []
[2018-10-03 21:36:33] import.INFO: result {"member":"Harry","Company":523} []
[2018-10-03 21:36:33] import.INFO: result {"member":"Reindolph Nana","Company":402} []
[2018-10-03 21:36:33] import.INFO: result {"member":"","Company":445} []
[2018-10-03 21:36:33] import.INFO: result {"member":"","Company":153} []
[2018-10-03 21:36:33] import.INFO: result {"member":"Akua","Company":176} []
[2018-10-03 21:36:33] import.INFO: result {"member":"Samuel","Company":172} []
[2018-10-03 21:36:33] import.INFO: result {"member":"Bellal","Company":27} []
[2018-10-03 21:36:33] import.INFO: result {"member":"Mr Ebenezer A.","Company":177} []
[2018-10-03 21:36:33] import.INFO: result {"member":"Chadi Fattal","Company":207} []
[2018-10-03 21:36:33] import.INFO: result {"member":"Edward Kofi","Company":214} []
[2018-10-03 21:36:33] import.INFO: result {"member":"Albert","Company":163} []
[2018-10-03 21:36:33] import.INFO: result {"member":"Albert","Company":200} []
[2018-10-03 21:36:33] import.INFO: result {"member":"","Company":145} []
[2018-10-03 21:36:33] import.INFO: result {"member":"Gershon","Company":94} []
[2018-10-03 21:36:33] import.INFO: result {"member":"Emmanuel Kofi","Company":125} []
[2018-10-03 21:36:33] import.INFO: result {"member":"Samuel","Company":104} []
[2018-10-03 21:36:33] import.INFO: result {"member":"Prince","Company":54} []
[2018-10-03 21:36:33] import.INFO: result {"member":"Arnold  Nutsifafa Kwasi","Company":449} []
[2018-10-03 21:36:33] import.INFO: result {"member":"Ivan","Company":443} []
[2018-10-03 21:36:33] import.INFO: result {"member":"Nicholas Kwabena","Company":408} []
[2018-10-03 21:36:33] import.INFO: result {"member":"Emmanuel Johnson","Company":150} []
[2018-10-03 21:36:33] import.INFO: result {"member":"","Company":311} []
[2018-10-03 21:36:33] import.INFO: result {"member":"Zilevu Yao","Company":233} []
[2018-10-03 21:36:33] import.INFO: result {"member":"","Company":314} []
[2018-10-03 21:36:33] import.INFO: result {"member":"Abudey Selorm","Company":453} []
[2018-10-03 21:36:33] import.INFO: result {"member":"Gilbert","Company":317} []
[2018-10-03 21:36:33] import.INFO: result {"member":"Mary","Company":130} []
[2018-10-03 21:36:33] import.INFO: result {"member":"Sonal","Company":110} []
[2018-10-03 21:36:33] import.INFO: result {"member":"Ernest Fianko","Company":429} []
[2018-10-03 21:36:33] import.INFO: result {"member":"Devon","Company":141} []
[2018-10-03 21:36:33] import.INFO: result {"member":"John","Company":140} []
[2018-10-03 21:36:33] import.INFO: result {"member":"","Company":305} []
[2018-10-03 21:36:33] import.INFO: result {"member":"William Evans","Company":380} []
[2018-10-03 21:36:33] import.INFO: result {"member":"Daniel Attah","Company":310} []
[2018-10-03 21:36:33] import.INFO: result {"member":"Mr Andrews Yanyae","Company":454} []
[2018-10-03 21:36:33] import.INFO: result {"member":"Charles Vandyk","Company":107} []
[2018-10-03 21:36:33] import.INFO: result {"member":"","Company":430} []
[2018-10-03 21:36:33] import.INFO: result {"member":"Kenneth Ato ","Company":468} []
[2018-10-03 21:36:33] import.INFO: result {"member":"Kofi","Company":283} []
[2018-10-03 21:36:33] import.INFO: result {"member":"","Company":492} []
[2018-10-03 21:36:33] import.INFO: result {"member":"James","Company":74} []
[2018-10-03 21:36:33] import.INFO: result {"member":"Patience","Company":330} []
[2018-10-03 21:36:33] import.INFO: result {"member":"Mavis","Company":337} []
[2018-10-03 21:36:33] import.INFO: result {"member":"Kwesi Wusu","Company":71} []
[2018-10-03 21:36:33] import.INFO: result {"member":"Gordon","Company":166} []
[2018-10-03 21:36:33] import.INFO: result {"member":"","Company":574} []
[2018-10-03 21:36:33] import.INFO: result {"member":"","Company":299} []
[2018-10-03 21:36:33] import.INFO: result {"member":"Petra","Company":225} []
[2018-10-03 21:36:33] import.INFO: result {"member":"Jesse Tetteh","Company":441} []
[2018-10-03 21:36:33] import.INFO: result {"member":"Nana","Company":161} []
[2018-10-03 21:36:33] import.INFO: result {"member":"Mr. Roy","Company":383} []
[2018-10-03 21:36:33] import.INFO: result {"member":"Emmanuel","Company":344} []
[2018-10-03 21:36:33] import.INFO: result {"member":"","Company":361} []
[2018-10-03 21:36:33] import.INFO: result {"member":"Sylvia","Company":464} []
[2018-10-03 21:36:33] import.INFO: result {"member":"Samuel Kwesi Mensah","Company":29} []
[2018-10-03 21:36:33] import.INFO: result {"member":"Mrs Norah Adei","Company":291} []
[2018-10-03 21:36:33] import.INFO: result {"member":"","Company":431} []
[2018-10-03 21:36:33] import.INFO: result {"member":"Samuel","Company":49} []
[2018-10-03 21:36:33] import.INFO: result {"member":"Andrews","Company":133} []
[2018-10-03 21:36:33] import.INFO: result {"member":"","Company":171} []
[2018-10-03 21:36:33] import.INFO: result {"member":"Dennis","Company":28} []
[2018-10-03 21:36:33] import.INFO: result {"member":"Doris","Company":421} []
[2018-10-03 21:36:33] import.INFO: result {"member":"Lt. Col. George Danso","Company":217} []
[2018-10-03 21:36:33] import.INFO: result {"member":"Korda","Company":164} []
[2018-10-03 21:36:33] import.INFO: result {"member":"Kobena","Company":459} []
[2018-10-03 21:36:33] import.INFO: result {"member":"Yaw","Company":520} []
[2018-10-03 21:36:33] import.INFO: result {"member":"Vincent","Company":564} []
[2018-10-03 21:36:33] import.INFO: result {"member":"Abubakari","Company":148} []
[2018-10-03 21:36:33] import.INFO: result {"member":"Abdallah","Company":500} []
[2018-10-03 21:36:33] import.INFO: result {"member":"Dr.peter","Company":236} []
[2018-10-03 21:36:33] import.INFO: result {"member":"Samuel","Company":339} []
[2018-10-03 21:36:33] import.INFO: result {"member":"Eric Owusu","Company":192} []
[2018-10-03 21:36:33] import.INFO: result {"member":"Samuel","Company":76} []
[2018-10-03 21:36:33] import.INFO: result {"member":"Kobby Narteh","Company":452} []
[2018-10-03 21:36:33] import.INFO: result {"member":"","Company":512} []
[2018-10-03 21:36:33] import.INFO: result {"member":"Divine","Company":405} []
[2018-10-03 21:36:33] import.INFO: result {"member":"Ellen Dela","Company":39} []
[2018-10-03 21:36:33] import.INFO: result {"member":"Seth Kwadwo","Company":191} []
[2018-10-03 21:36:33] import.INFO: result {"member":"Philip D.","Company":587} []
[2018-10-03 21:36:33] import.INFO: result {"member":"Dr Bright","Company":211} []
[2018-10-03 21:37:38] import.INFO: result {"member":"Ama","Company":395} []
[2018-10-03 21:37:38] import.INFO: result {"member":"","Company":482} []
[2018-10-03 21:37:38] import.INFO: result {"member":"Christopher Osei -","Company":92} []
[2018-10-03 21:37:38] import.INFO: result {"member":"Emmanuel","Company":501} []
[2018-10-03 21:37:38] import.INFO: result {"member":"Mrs Limata Seraphine","Company":360} []
[2018-10-03 21:37:38] import.INFO: result {"member":"M. Fabrice","Company":600} []
[2018-10-03 21:37:38] import.INFO: result {"member":"","Company":616} []
[2018-10-03 21:37:38] import.INFO: result {"member":"Michael","Company":78} []
[2018-10-03 21:37:38] import.INFO: result {"member":"Mr Benjamin","Company":165} []
[2018-10-03 21:37:38] import.INFO: result {"member":"Kafui","Company":248} []
[2018-10-03 21:37:38] import.INFO: result {"member":"Daniel","Company":406} []
[2018-10-03 21:37:38] import.INFO: result {"member":"Bright Adom","Company":188} []
[2018-10-03 21:37:38] import.INFO: result {"member":"Mr. S.n. Dowuona","Company":548} []
[2018-10-03 21:37:38] import.INFO: result {"member":"Ataa Tetteh","Company":154} []
[2018-10-03 21:37:38] import.INFO: result {"member":"Daniel","Company":368} []
[2018-10-03 21:37:38] import.INFO: result {"member":"","Company":422} []
[2018-10-03 21:37:38] import.INFO: result {"member":"Odjobi","Company":499} []
[2018-10-03 21:37:38] import.INFO: result {"member":"John","Company":612} []
[2018-10-03 21:37:39] import.INFO: result {"member":"Tony","Company":142} []
[2018-10-03 21:37:39] import.INFO: result {"member":"Augusta","Company":124} []
[2018-10-03 21:37:39] import.INFO: result {"member":"Anthony","Company":568} []
[2018-10-03 21:37:39] import.INFO: result {"member":"Kwabena Opagya","Company":384} []
[2018-10-03 21:37:39] import.INFO: result {"member":"Jemyma","Company":108} []
[2018-10-03 21:37:39] import.INFO: result {"member":"Cedric","Company":263} []
[2018-10-03 21:37:39] import.INFO: result {"member":"Alexander","Company":620} []
[2018-10-03 21:37:39] import.INFO: result {"member":"Benjamin","Company":12} []
[2018-10-03 21:37:39] import.INFO: result {"member":"Buckman K.","Company":508} []
[2018-10-03 21:37:39] import.INFO: result {"member":"Gilbert Kingsley","Company":113} []
[2018-10-03 21:37:39] import.INFO: result {"member":"Fred","Company":460} []
[2018-10-03 21:37:39] import.INFO: result {"member":"Edem","Company":537} []
[2018-10-03 21:37:39] import.INFO: result {"member":"Isaac Obeng","Company":362} []
[2018-10-03 21:37:39] import.INFO: result {"member":"","Company":266} []
[2018-10-03 21:37:39] import.INFO: result {"member":"Isaac","Company":256} []
[2018-10-03 21:37:39] import.INFO: result {"member":"Fiifi","Company":201} []
[2018-10-03 21:37:39] import.INFO: result {"member":"Robert","Company":410} []
[2018-10-03 21:37:39] import.INFO: result {"member":"","Company":551} []
[2018-10-03 21:37:39] import.INFO: result {"member":"Sylvia Baaba","Company":218} []
[2018-10-03 21:37:39] import.INFO: result {"member":"E. Ato","Company":5} []
[2018-10-03 21:37:39] import.INFO: result {"member":"Neneyo Asare","Company":506} []
[2018-10-03 21:37:39] import.INFO: result {"member":"Fuseini","Company":301} []
[2018-10-03 21:37:39] import.INFO: result {"member":"Roberta","Company":461} []
[2018-10-03 21:37:39] import.INFO: result {"member":"Samuel","Company":213} []
[2018-10-03 21:37:39] import.INFO: result {"member":"Amusu","Company":436} []
[2018-10-03 21:37:39] import.INFO: result {"member":"Eric","Company":522} []
[2018-10-03 21:37:39] import.INFO: result {"member":"Georgina","Company":504} []
[2018-10-03 21:37:39] import.INFO: result {"member":"Augustine Kafui","Company":119} []
[2018-10-03 21:37:39] import.INFO: result {"member":"Michael Nana","Company":570} []
[2018-10-03 21:37:39] import.INFO: result {"member":"Kenneth Kwame","Company":80} []
[2018-10-03 21:37:39] import.INFO: result {"member":"","Company":160} []
[2018-10-03 21:37:39] import.INFO: result {"member":"Sedem","Company":591} []
[2018-10-03 21:37:39] import.INFO: result {"member":"Tarek","Company":40} []
[2018-10-03 21:37:39] import.INFO: result {"member":"Korieh","Company":313} []
[2018-10-03 21:37:39] import.INFO: result {"member":"Mr Musah","Company":30} []
[2018-10-03 21:37:39] import.INFO: result {"member":"Mr. Quintin","Company":138} []
[2018-10-03 21:37:39] import.INFO: result {"member":"Henry","Company":91} []
[2018-10-03 21:37:39] import.INFO: result {"member":"Eunice","Company":477} []
[2018-10-03 21:37:39] import.INFO: result {"member":"Pob","Company":190} []
[2018-10-03 21:37:39] import.INFO: result {"member":"George","Company":306} []
[2018-10-03 21:37:39] import.INFO: result {"member":"Chima","Company":13} []
[2018-10-03 21:37:39] import.INFO: result {"member":"Kwaku","Company":335} []
[2018-10-03 21:37:39] import.INFO: result {"member":"","Company":189} []
[2018-10-03 21:37:39] import.INFO: result {"member":"Jonathan Alf","Company":524} []
[2018-10-03 21:37:39] import.INFO: result {"member":"Jacqueline Anita","Company":158} []
[2018-10-03 21:37:39] import.INFO: result {"member":"Kenneth Ato","Company":471} []
[2018-10-03 21:37:39] import.INFO: result {"member":"Peter Yao","Company":132} []
[2018-10-03 21:37:39] import.INFO: result {"member":"Charles","Company":126} []
[2018-10-03 21:37:39] import.INFO: result {"member":"Roseline","Company":412} []
[2018-10-03 21:37:39] import.INFO: result {"member":"Bob A.","Company":731} []
[2018-10-03 21:37:39] import.INFO: result {"member":"Felix","Company":46} []
[2018-10-03 21:37:39] import.INFO: result {"member":"Agnes","Company":1} []
[2018-10-03 21:37:39] import.INFO: result {"member":"Theresa","Company":10} []
[2018-10-03 21:37:39] import.INFO: result {"member":"Daniel","Company":331} []
[2018-10-03 21:37:39] import.INFO: result {"member":"Mr. Isaac","Company":391} []
[2018-10-03 21:37:39] import.INFO: result {"member":"Beatrice Efua Baah","Company":215} []
[2018-10-03 21:37:39] import.INFO: result {"member":"Reuben C.","Company":169} []
[2018-10-03 21:37:39] import.INFO: result {"member":"Charles","Company":427} []
[2018-10-03 21:37:39] import.INFO: result {"member":"Sheila Ofori","Company":601} []
[2018-10-03 21:37:39] import.INFO: result {"member":"","Company":503} []
[2018-10-03 21:37:39] import.INFO: result {"member":"Edward","Company":278} []
[2018-10-03 21:37:39] import.INFO: result {"member":"Nana Boafo","Company":273} []
[2018-10-03 21:37:39] import.INFO: result {"member":"Michael","Company":120} []
[2018-10-03 21:37:39] import.INFO: result {"member":"","Company":532} []
[2018-10-03 21:37:39] import.INFO: result {"member":"Joseph Esuman","Company":65} []
[2018-10-03 21:37:39] import.INFO: result {"member":"Justine Adua","Company":254} []
[2018-10-03 21:37:39] import.INFO: result {"member":"Sanusa","Company":223} []
[2018-10-03 21:37:39] import.INFO: result {"member":"Joseph Kofi","Company":232} []
[2018-10-03 21:37:39] import.INFO: result {"member":"","Company":1227} []
[2018-10-03 21:37:39] import.INFO: result {"member":"Sam","Company":526} []
[2018-10-03 21:37:39] import.INFO: result {"member":"David Osei","Company":250} []
[2018-10-03 21:37:39] import.INFO: result {"member":"Esther","Company":277} []
[2018-10-03 21:37:39] import.INFO: result {"member":"Mawuli","Company":428} []
[2018-10-03 21:37:39] import.INFO: result {"member":"Emmanuel Kwame","Company":584} []
[2018-10-03 21:37:39] import.INFO: result {"member":"Amma","Company":518} []
[2018-10-03 21:37:39] import.INFO: result {"member":"Abdul-ghaffar","Company":66} []
[2018-10-03 21:37:39] import.INFO: result {"member":"","Company":543} []
[2018-10-03 21:37:39] import.INFO: result {"member":"","Company":440} []
[2018-10-03 21:37:39] import.INFO: result {"member":"Dinah","Company":315} []
[2018-10-03 21:37:39] import.INFO: result {"member":"Tabitha","Company":51} []
[2018-10-03 21:37:39] import.INFO: result {"member":"Hayford Ofori","Company":608} []
[2018-10-03 21:37:39] import.INFO: result {"member":"Catherine Ama","Company":610} []
[2018-10-03 21:37:39] import.INFO: result {"member":"Anthony","Company":531} []
[2018-10-03 21:37:39] import.INFO: result {"member":"Enam Dotse","Company":128} []
[2018-10-03 21:37:39] import.INFO: result {"member":"Francis","Company":569} []
[2018-10-03 21:37:39] import.INFO: result {"member":"Georges Habib","Company":202} []
[2018-10-03 21:37:39] import.INFO: result {"member":"Nicholas","Company":14} []
[2018-10-03 21:37:39] import.INFO: result {"member":"Emmanuel","Company":426} []
[2018-10-03 21:37:39] import.INFO: result {"member":"Daniel","Company":498} []
[2018-10-03 21:37:39] import.INFO: result {"member":"Benny-jean","Company":123} []
[2018-10-03 21:37:39] import.INFO: result {"member":"Gladstone","Company":229} []
[2018-10-03 21:37:39] import.INFO: result {"member":"Prince","Company":515} []
[2018-10-03 21:37:39] import.INFO: result {"member":"Kwasi","Company":136} []
[2018-10-03 21:37:39] import.INFO: result {"member":"Daniel","Company":621} []
[2018-10-03 21:37:39] import.INFO: result {"member":"Courage","Company":479} []
[2018-10-03 21:37:39] import.INFO: result {"member":"Dominic","Company":281} []
[2018-10-03 21:37:39] import.INFO: result {"member":"Edmund Samuel","Company":279} []
[2018-10-03 21:37:39] import.INFO: result {"member":"Davis","Company":25} []
[2018-10-03 21:37:39] import.INFO: result {"member":"Stephen","Company":476} []
[2018-10-03 21:37:39] import.INFO: result {"member":"Emmanuel Kojo","Company":292} []
[2018-10-03 21:37:39] import.INFO: result {"member":"Mr Jesse Kyei","Company":174} []
[2018-10-03 21:37:39] import.INFO: result {"member":"","Company":414} []
[2018-10-03 21:37:39] import.INFO: result {"member":"Vincent K. A.","Company":55} []
[2018-10-03 21:37:39] import.INFO: result {"member":"Paul","Company":487} []
[2018-10-03 21:37:39] import.INFO: result {"member":"Desmond Delali","Company":23} []
[2018-10-03 21:37:39] import.INFO: result {"member":"Ernest Amartey","Company":615} []
[2018-10-03 21:37:39] import.INFO: result {"member":"Esinam Ayi","Company":59} []
[2018-10-03 21:37:39] import.INFO: result {"member":"Nicholas King","Company":462} []
[2018-10-03 21:37:39] import.INFO: result {"member":"Fred","Company":630} []
[2018-10-03 21:37:39] import.INFO: result {"member":"Edem","Company":364} []
[2018-10-03 21:37:39] import.INFO: result {"member":"","Company":255} []
[2018-10-03 21:37:39] import.INFO: result {"member":"Eugene","Company":525} []
[2018-10-03 21:37:39] import.INFO: result {"member":"Stella","Company":280} []
[2018-10-03 21:37:39] import.INFO: result {"member":"Albert","Company":300} []
[2018-10-03 21:37:39] import.INFO: result {"member":"Miriam","Company":204} []
[2018-10-03 21:37:39] import.INFO: result {"member":"Hanson","Company":284} []
[2018-10-03 21:37:39] import.INFO: result {"member":"Christian Okpoti","Company":567} []
[2018-10-03 21:37:39] import.INFO: result {"member":"Juliana Serwaa","Company":513} []
[2018-10-03 21:37:39] import.INFO: result {"member":"Ken","Company":416} []
[2018-10-03 21:37:39] import.INFO: result {"member":"Capt. Francis","Company":390} []
[2018-10-03 21:37:39] import.INFO: result {"member":"Giel Du Toit-felix","Company":589} []
[2018-10-03 21:37:39] import.INFO: result {"member":"Francis Owusu-nketia","Company":44} []
[2018-10-03 21:37:39] import.INFO: result {"member":"Alfred","Company":629} []
[2018-10-03 21:37:39] import.INFO: result {"member":"","Company":43} []
[2018-10-03 21:37:39] import.INFO: result {"member":"Kwame","Company":257} []
[2018-10-03 21:37:39] import.INFO: result {"member":"","Company":334} []
[2018-10-03 21:37:39] import.INFO: result {"member":"William","Company":118} []
[2018-10-03 21:37:39] import.INFO: result {"member":"","Company":592} []
[2018-10-03 21:37:39] import.INFO: result {"member":"Gabriel","Company":438} []
[2018-10-03 21:37:39] import.INFO: result {"member":"","Company":197} []
[2018-10-03 21:37:39] import.INFO: result {"member":"Mr. S.n. Dowuona","Company":102} []
[2018-10-03 21:37:39] import.INFO: result {"member":"Emmanuel","Company":566} []
[2018-10-03 21:37:39] import.INFO: result {"member":"","Company":15} []
[2018-10-03 21:37:39] import.INFO: result {"member":"Nkiru Nwahiri And Kwaku","Company":228} []
[2018-10-03 21:37:39] import.INFO: result {"member":"Nat","Company":193} []
[2018-10-03 21:37:39] import.INFO: result {"member":"Edwin","Company":552} []
[2018-10-03 21:37:39] import.INFO: result {"member":"Bernard","Company":494} []
[2018-10-03 21:37:39] import.INFO: result {"member":"Basil","Company":627} []
[2018-10-03 21:37:39] import.INFO: result {"member":"Mabel Mz.","Company":347} []
[2018-10-03 21:37:39] import.INFO: result {"member":"","Company":481} []
[2018-10-03 21:37:39] import.INFO: result {"member":"Samuel","Company":241} []
[2018-10-03 21:37:39] import.INFO: result {"member":"Mr Paa Kwesi","Company":297} []
[2018-10-03 21:37:39] import.INFO: result {"member":"Romel Abroquah","Company":194} []
[2018-10-03 21:37:39] import.INFO: result {"member":"Samuel","Company":634} []
[2018-10-03 21:37:39] import.INFO: result {"member":"Simon","Company":327} []
[2018-10-03 21:37:39] import.INFO: result {"member":"","Company":288} []
[2018-10-03 21:37:39] import.INFO: result {"member":"Edem","Company":333} []
[2018-10-03 21:37:39] import.INFO: result {"member":"Louisa P.","Company":423} []
[2018-10-03 21:37:39] import.INFO: result {"member":"Akwasi","Company":373} []
[2018-10-03 21:37:39] import.INFO: result {"member":"Ziyad","Company":393} []
[2018-10-03 21:37:39] import.INFO: result {"member":"Francis","Company":510} []
[2018-10-03 21:37:39] import.INFO: result {"member":"Laura Elolo","Company":222} []
[2018-10-03 21:37:39] import.INFO: result {"member":"Hussam","Company":342} []
[2018-10-03 21:37:39] import.INFO: result {"member":"Handymen","Company":392} []
[2018-10-03 21:37:39] import.INFO: result {"member":"Kwame","Company":64} []
[2018-10-03 21:37:39] import.INFO: result {"member":"Isaac","Company":365} []
[2018-10-03 21:37:39] import.INFO: result {"member":"Lenon","Company":31} []
[2018-10-03 21:37:39] import.INFO: result {"member":"Fred Kwame","Company":387} []
[2018-10-03 21:37:39] import.INFO: result {"member":"Mireille","Company":581} []
[2018-10-03 21:37:39] import.INFO: result {"member":"Henry Obeng","Company":346} []
[2018-10-03 21:37:39] import.INFO: result {"member":"Gabriel","Company":372} []
[2018-10-03 21:37:39] import.INFO: result {"member":"Jewel","Company":205} []
[2018-10-03 21:37:39] import.INFO: result {"member":"Esinam","Company":605} []
[2018-10-03 21:37:39] import.INFO: result {"member":"Philip","Company":210} []
[2018-10-03 21:37:39] import.INFO: result {"member":"Benjamin Yaw","Company":527} []
[2018-10-03 21:37:39] import.INFO: result {"member":"Lydianne","Company":376} []
[2018-10-03 21:37:39] import.INFO: result {"member":"Kwasi Osei","Company":139} []
[2018-10-03 21:37:39] import.INFO: result {"member":"Samuel","Company":296} []
[2018-10-03 21:37:39] import.INFO: result {"member":"Agyenna","Company":135} []
[2018-10-03 21:37:39] import.INFO: result {"member":"Setor","Company":134} []
[2018-10-03 21:37:39] import.INFO: result {"member":"Nicholas","Company":151} []
[2018-10-03 21:37:39] import.INFO: result {"member":"Mr Joe","Company":359} []
[2018-10-03 21:37:39] import.INFO: result {"member":"David","Company":478} []
[2018-10-03 21:37:39] import.INFO: result {"member":"","Company":247} []
[2018-10-03 21:37:39] import.INFO: result {"member":"Esther","Company":388} []
[2018-10-03 21:37:39] import.INFO: result {"member":"Philip","Company":358} []
[2018-10-03 21:37:39] import.INFO: result {"member":"Wilma Bruce","Company":265} []
[2018-10-03 21:37:39] import.INFO: result {"member":"Mr Richard","Company":220} []
[2018-10-03 21:37:39] import.INFO: result {"member":"Bright","Company":336} []
[2018-10-03 21:37:39] import.INFO: result {"member":"Delali","Company":234} []
[2018-10-03 21:37:39] import.INFO: result {"member":"","Company":474} []
[2018-10-03 21:37:39] import.INFO: result {"member":"Abbas","Company":434} []
[2018-10-03 21:37:39] import.INFO: result {"member":"","Company":328} []
[2018-10-03 21:37:39] import.INFO: result {"member":"Opey Francis","Company":282} []
[2018-10-03 21:37:39] import.INFO: result {"member":"I.b.","Company":131} []
[2018-10-03 21:37:39] import.INFO: result {"member":"Jonathan","Company":403} []
[2018-10-03 21:37:39] import.INFO: result {"member":"","Company":472} []
[2018-10-03 21:37:39] import.INFO: result {"member":"Ishmael","Company":603} []
[2018-10-03 21:37:39] import.INFO: result {"member":"","Company":87} []
[2018-10-03 21:37:39] import.INFO: result {"member":"Richard","Company":356} []
[2018-10-03 21:37:39] import.INFO: result {"member":"Carlotta","Company":127} []
[2018-10-03 21:37:39] import.INFO: result {"member":"","Company":86} []
[2018-10-03 21:37:39] import.INFO: result {"member":"Nana Oparebea","Company":466} []
[2018-10-03 21:37:39] import.INFO: result {"member":"","Company":400} []
[2018-10-03 21:37:39] import.INFO: result {"member":"Raymond Addo","Company":88} []
[2018-10-03 21:37:39] import.INFO: result {"member":"Richard","Company":404} []
[2018-10-03 21:37:39] import.INFO: result {"member":"Jason Cyril","Company":275} []
[2018-10-03 21:37:39] import.INFO: result {"member":"Kingsford","Company":85} []
[2018-10-03 21:37:39] import.INFO: result {"member":"Emmmanuel Kofi","Company":312} []
[2018-10-03 21:37:39] import.INFO: result {"member":"Kwasi","Company":497} []
[2018-10-03 21:37:39] import.INFO: result {"member":"F. Kweku","Company":469} []
[2018-10-03 21:37:39] import.INFO: result {"member":"Vitalis","Company":17} []
[2018-10-03 21:37:39] import.INFO: result {"member":"","Company":465} []
[2018-10-03 21:37:39] import.INFO: result {"member":"Alhassan","Company":628} []
[2018-10-03 21:37:39] import.INFO: result {"member":"Darryl Kojo","Company":175} []
[2018-10-03 21:37:39] import.INFO: result {"member":"Sammy","Company":196} []
[2018-10-03 21:37:39] import.INFO: result {"member":"Delight","Company":106} []
[2018-10-03 21:37:39] import.INFO: result {"member":"Roger","Company":617} []
[2018-10-03 21:37:39] import.INFO: result {"member":"James","Company":121} []
[2018-10-03 21:37:39] import.INFO: result {"member":"Frank Parker","Company":89} []
[2018-10-03 21:37:39] import.INFO: result {"member":"Edward W.","Company":536} []
[2018-10-03 21:37:39] import.INFO: result {"member":"Mawuli","Company":433} []
[2018-10-03 21:37:39] import.INFO: result {"member":"","Company":227} []
[2018-10-03 21:37:39] import.INFO: result {"member":"Nana Ayisi","Company":502} []
[2018-10-03 21:37:39] import.INFO: result {"member":"Nicholas","Company":611} []
[2018-10-03 21:37:39] import.INFO: result {"member":"Afriyie","Company":129} []
[2018-10-03 21:37:39] import.INFO: result {"member":"Gisele Dede","Company":374} []
[2018-10-03 21:37:39] import.INFO: result {"member":"Alexis Akyaa Boahen","Company":399} []
[2018-10-03 21:37:39] import.INFO: result {"member":"Charles","Company":370} []
[2018-10-03 21:37:39] import.INFO: result {"member":"Mark","Company":105} []
[2018-10-03 21:37:39] import.INFO: result {"member":"Bright Elorm","Company":53} []
[2018-10-03 21:37:39] import.INFO: result {"member":"Philip","Company":511} []
[2018-10-03 21:37:39] import.INFO: result {"member":"","Company":341} []
[2018-10-03 21:37:39] import.INFO: result {"member":"","Company":495} []
[2018-10-03 21:37:39] import.INFO: result {"member":"Amma Adjeiwaa","Company":116} []
[2018-10-03 21:37:39] import.INFO: result {"member":"George ","Company":101} []
[2018-10-03 21:37:39] import.INFO: result {"member":"Michael","Company":579} []
[2018-10-03 21:37:39] import.INFO: result {"member":"Mr. Andrew Kofi","Company":290} []
[2018-10-03 21:37:39] import.INFO: result {"member":"Kingsley","Company":224} []
[2018-10-03 21:37:39] import.INFO: result {"member":"Stephen","Company":378} []
[2018-10-03 21:37:39] import.INFO: result {"member":"Mike","Company":8} []
[2018-10-03 21:37:39] import.INFO: result {"member":"Philomena","Company":396} []
[2018-10-03 21:37:39] import.INFO: result {"member":"Carl","Company":602} []
[2018-10-03 21:37:39] import.INFO: result {"member":"","Company":156} []
[2018-10-03 21:37:39] import.INFO: result {"member":"Dan","Company":338} []
[2018-10-03 21:37:39] import.INFO: result {"member":"Andrew","Company":401} []
[2018-10-03 21:37:39] import.INFO: result {"member":"William","Company":242} []
[2018-10-03 21:37:39] import.INFO: result {"member":"Mavis","Company":274} []
[2018-10-03 21:37:39] import.INFO: result {"member":"Samuel","Company":521} []
[2018-10-03 21:37:39] import.INFO: result {"member":"Felicia","Company":32} []
[2018-10-03 21:37:39] import.INFO: result {"member":"Naa Nuerkie","Company":437} []
[2018-10-03 21:37:39] import.INFO: result {"member":"Francis Benjamin","Company":349} []
[2018-10-03 21:37:39] import.INFO: result {"member":"Richard Kofi","Company":385} []
[2018-10-03 21:37:39] import.INFO: result {"member":"","Company":425} []
[2018-10-03 21:37:39] import.INFO: result {"member":"Esther","Company":99} []
[2018-10-03 21:37:39] import.INFO: result {"member":"","Company":93} []
[2018-10-03 21:37:39] import.INFO: result {"member":"Abena Korkor","Company":147} []
[2018-10-03 21:37:39] import.INFO: result {"member":"Odile","Company":573} []
[2018-10-03 21:37:39] import.INFO: result {"member":"","Company":33} []
[2018-10-03 21:37:39] import.INFO: result {"member":"Nana Aboagye","Company":316} []
[2018-10-03 21:37:39] import.INFO: result {"member":"Mr. S.n. Dowuona","Company":102} []
[2018-10-03 21:37:39] import.INFO: result {"member":"Yousef","Company":352} []
[2018-10-03 21:37:39] import.INFO: result {"member":"Philemon Kweku","Company":547} []
[2018-10-03 21:37:39] import.INFO: result {"member":"Jumoke","Company":450} []
[2018-10-03 21:37:39] import.INFO: result {"member":"Francesco","Company":407} []
[2018-10-03 21:37:39] import.INFO: result {"member":"Nathaniel","Company":96} []
[2018-10-03 21:37:39] import.INFO: result {"member":"Charles","Company":90} []
[2018-10-03 21:37:39] import.INFO: result {"member":"Bilal","Company":208} []
[2018-10-03 21:37:39] import.INFO: result {"member":"George","Company":332} []
[2018-10-03 21:37:39] import.INFO: result {"member":"Edmund","Company":276} []
[2018-10-03 21:37:39] import.INFO: result {"member":"Dr Moses Ekow","Company":152} []
[2018-10-03 21:37:39] import.INFO: result {"member":"Erica Asiedua","Company":26} []
[2018-10-03 21:37:39] import.INFO: result {"member":"Gabriella","Company":363} []
[2018-10-03 21:37:39] import.INFO: result {"member":"Kwaku","Company":582} []
[2018-10-03 21:37:39] import.INFO: result {"member":"Daniella","Company":415} []
[2018-10-03 21:37:39] import.INFO: result {"member":"Evans Preko","Company":216} []
[2018-10-03 21:37:39] import.INFO: result {"member":"Juliet Hassana","Company":538} []
[2018-10-03 21:37:39] import.INFO: result {"member":"Roland Adjei","Company":484} []
[2018-10-03 21:37:39] import.INFO: result {"member":"Francis","Company":544} []
[2018-10-03 21:37:39] import.INFO: result {"member":"Franklin","Company":115} []
[2018-10-03 21:37:39] import.INFO: result {"member":"Preye","Company":178} []
[2018-10-03 21:37:39] import.INFO: result {"member":"Sam Akwasi","Company":212} []
[2018-10-03 21:37:39] import.INFO: result {"member":"Florence","Company":253} []
[2018-10-03 21:37:39] import.INFO: result {"member":"Bridge Adams","Company":451} []
[2018-10-03 21:37:39] import.INFO: result {"member":"Kwadjo","Company":641} []
[2018-10-03 21:37:39] import.INFO: result {"member":"Theophilus","Company":11} []
[2018-10-03 21:37:39] import.INFO: result {"member":"Kofi","Company":308} []
[2018-10-03 21:37:39] import.INFO: result {"member":"Prince","Company":480} []
[2018-10-03 21:37:39] import.INFO: result {"member":"Richard","Company":424} []
[2018-10-03 21:37:39] import.INFO: result {"member":"Abdul Rahman","Company":397} []
[2018-10-03 21:37:39] import.INFO: result {"member":"Emmanuel Pnk","Company":323} []
[2018-10-03 21:37:39] import.INFO: result {"member":"Isaac","Company":260} []
[2018-10-03 21:37:39] import.INFO: result {"member":"Rafeeq","Company":57} []
[2018-10-03 21:37:39] import.INFO: result {"member":"Jemima Kukua","Company":294} []
[2018-10-03 21:37:39] import.INFO: result {"member":"Kwadwo","Company":303} []
[2018-10-03 21:37:39] import.INFO: result {"member":"Selina Abafoah","Company":243} []
[2018-10-03 21:37:39] import.INFO: result {"member":"Charles Yao","Company":149} []
[2018-10-03 21:37:39] import.INFO: result {"member":"Steven","Company":578} []
[2018-10-03 21:37:39] import.INFO: result {"member":"Joseph","Company":519} []
[2018-10-03 21:37:39] import.INFO: result {"member":"Brenda Asare -","Company":398} []
[2018-10-03 21:37:39] import.INFO: result {"member":"Rabel","Company":586} []
[2018-10-03 21:37:39] import.INFO: result {"member":"Jacob Adofo","Company":509} []
[2018-10-03 21:37:39] import.INFO: result {"member":"Rolland","Company":109} []
[2018-10-03 21:37:39] import.INFO: result {"member":"Evelyn","Company":505} []
[2018-10-03 21:37:39] import.INFO: result {"member":"Raymond","Company":198} []
[2018-10-03 21:37:39] import.INFO: result {"member":"Vincent","Company":596} []
[2018-10-03 21:37:39] import.INFO: result {"member":"David Manu","Company":144} []
[2018-10-03 21:37:39] import.INFO: result {"member":"","Company":298} []
[2018-10-03 21:37:39] import.INFO: result {"member":"","Company":446} []
[2018-10-03 21:37:39] import.INFO: result {"member":"Reynolds","Company":159} []
[2018-10-03 21:37:39] import.INFO: result {"member":"Samuel","Company":100} []
[2018-10-03 21:37:39] import.INFO: result {"member":"Dr. Linda","Company":386} []
[2018-10-03 21:37:39] import.INFO: result {"member":"Richard","Company":340} []
[2018-10-03 21:37:39] import.INFO: result {"member":"Eric","Company":463} []
[2018-10-03 21:37:39] import.INFO: result {"member":"Mr. Godwin K.","Company":565} []
[2018-10-03 21:37:39] import.INFO: result {"member":"David","Company":382} []
[2018-10-03 21:37:39] import.INFO: result {"member":"Nana","Company":576} []
[2018-10-03 21:37:39] import.INFO: result {"member":"Rina International Development","Company":553} []
[2018-10-03 21:37:39] import.INFO: result {"member":"Rockson","Company":95} []
[2018-10-03 21:37:39] import.INFO: result {"member":"George","Company":613} []
[2018-10-03 21:37:39] import.INFO: result {"member":"Frank","Company":6} []
[2018-10-03 21:37:39] import.INFO: result {"member":"Aurelien","Company":258} []
[2018-10-03 21:37:39] import.INFO: result {"member":"Kwesi","Company":238} []
[2018-10-03 21:37:39] import.INFO: result {"member":"Dussey","Company":170} []
[2018-10-03 21:37:39] import.INFO: result {"member":"Harry","Company":523} []
[2018-10-03 21:37:39] import.INFO: result {"member":"Reindolph Nana","Company":402} []
[2018-10-03 21:37:39] import.INFO: result {"member":"","Company":445} []
[2018-10-03 21:37:39] import.INFO: result {"member":"","Company":153} []
[2018-10-03 21:37:39] import.INFO: result {"member":"Akua","Company":176} []
[2018-10-03 21:37:39] import.INFO: result {"member":"Samuel","Company":172} []
[2018-10-03 21:37:39] import.INFO: result {"member":"Bellal","Company":27} []
[2018-10-03 21:37:39] import.INFO: result {"member":"Mr Ebenezer A.","Company":177} []
[2018-10-03 21:37:39] import.INFO: result {"member":"Chadi Fattal","Company":207} []
[2018-10-03 21:37:39] import.INFO: result {"member":"Edward Kofi","Company":214} []
[2018-10-03 21:37:39] import.INFO: result {"member":"Albert","Company":163} []
[2018-10-03 21:37:39] import.INFO: result {"member":"Albert","Company":200} []
[2018-10-03 21:37:39] import.INFO: result {"member":"","Company":145} []
[2018-10-03 21:37:39] import.INFO: result {"member":"Gershon","Company":94} []
[2018-10-03 21:37:39] import.INFO: result {"member":"Emmanuel Kofi","Company":125} []
[2018-10-03 21:37:39] import.INFO: result {"member":"Samuel","Company":104} []
[2018-10-03 21:37:39] import.INFO: result {"member":"Prince","Company":54} []
[2018-10-03 21:37:39] import.INFO: result {"member":"Arnold  Nutsifafa Kwasi","Company":449} []
[2018-10-03 21:37:39] import.INFO: result {"member":"Ivan","Company":443} []
[2018-10-03 21:37:39] import.INFO: result {"member":"Nicholas Kwabena","Company":408} []
[2018-10-03 21:37:39] import.INFO: result {"member":"Emmanuel Johnson","Company":150} []
[2018-10-03 21:37:39] import.INFO: result {"member":"","Company":311} []
[2018-10-03 21:37:39] import.INFO: result {"member":"Zilevu Yao","Company":233} []
[2018-10-03 21:37:39] import.INFO: result {"member":"","Company":314} []
[2018-10-03 21:37:39] import.INFO: result {"member":"Abudey Selorm","Company":453} []
[2018-10-03 21:37:39] import.INFO: result {"member":"Gilbert","Company":317} []
[2018-10-03 21:37:39] import.INFO: result {"member":"Mary","Company":130} []
[2018-10-03 21:37:39] import.INFO: result {"member":"Sonal","Company":110} []
[2018-10-03 21:37:39] import.INFO: result {"member":"Ernest Fianko","Company":429} []
[2018-10-03 21:37:39] import.INFO: result {"member":"Devon","Company":141} []
[2018-10-03 21:37:39] import.INFO: result {"member":"John","Company":140} []
[2018-10-03 21:37:39] import.INFO: result {"member":"","Company":305} []
[2018-10-03 21:37:39] import.INFO: result {"member":"William Evans","Company":380} []
[2018-10-03 21:37:39] import.INFO: result {"member":"Daniel Attah","Company":310} []
[2018-10-03 21:37:39] import.INFO: result {"member":"Mr Andrews Yanyae","Company":454} []
[2018-10-03 21:37:39] import.INFO: result {"member":"Charles Vandyk","Company":107} []
[2018-10-03 21:37:39] import.INFO: result {"member":"","Company":430} []
[2018-10-03 21:37:39] import.INFO: result {"member":"Kenneth Ato ","Company":468} []
[2018-10-03 21:37:39] import.INFO: result {"member":"Kofi","Company":283} []
[2018-10-03 21:37:39] import.INFO: result {"member":"","Company":492} []
[2018-10-03 21:37:39] import.INFO: result {"member":"James","Company":74} []
[2018-10-03 21:37:39] import.INFO: result {"member":"Patience","Company":330} []
[2018-10-03 21:37:39] import.INFO: result {"member":"Mavis","Company":337} []
[2018-10-03 21:37:39] import.INFO: result {"member":"Kwesi Wusu","Company":71} []
[2018-10-03 21:37:39] import.INFO: result {"member":"Gordon","Company":166} []
[2018-10-03 21:37:39] import.INFO: result {"member":"","Company":574} []
[2018-10-03 21:37:39] import.INFO: result {"member":"","Company":299} []
[2018-10-03 21:37:39] import.INFO: result {"member":"Petra","Company":225} []
[2018-10-03 21:37:39] import.INFO: result {"member":"Jesse Tetteh","Company":441} []
[2018-10-03 21:37:39] import.INFO: result {"member":"Nana","Company":161} []
[2018-10-03 21:37:39] import.INFO: result {"member":"Mr. Roy","Company":383} []
[2018-10-03 21:37:39] import.INFO: result {"member":"Emmanuel","Company":344} []
[2018-10-03 21:37:39] import.INFO: result {"member":"","Company":361} []
[2018-10-03 21:37:39] import.INFO: result {"member":"Sylvia","Company":464} []
[2018-10-03 21:37:39] import.INFO: result {"member":"Samuel Kwesi Mensah","Company":29} []
[2018-10-03 21:37:39] import.INFO: result {"member":"Mrs Norah Adei","Company":291} []
[2018-10-03 21:37:39] import.INFO: result {"member":"","Company":431} []
[2018-10-03 21:37:39] import.INFO: result {"member":"Samuel","Company":49} []
[2018-10-03 21:37:39] import.INFO: result {"member":"Andrews","Company":133} []
[2018-10-03 21:37:39] import.INFO: result {"member":"","Company":171} []
[2018-10-03 21:37:39] import.INFO: result {"member":"Dennis","Company":28} []
[2018-10-03 21:37:39] import.INFO: result {"member":"Doris","Company":421} []
[2018-10-03 21:37:39] import.INFO: result {"member":"Lt. Col. George Danso","Company":217} []
[2018-10-03 21:37:39] import.INFO: result {"member":"Korda","Company":164} []
[2018-10-03 21:37:39] import.INFO: result {"member":"Kobena","Company":459} []
[2018-10-03 21:37:39] import.INFO: result {"member":"Yaw","Company":520} []
[2018-10-03 21:37:39] import.INFO: result {"member":"Vincent","Company":564} []
[2018-10-03 21:37:39] import.INFO: result {"member":"Abubakari","Company":148} []
[2018-10-03 21:37:39] import.INFO: result {"member":"Abdallah","Company":500} []
[2018-10-03 21:37:39] import.INFO: result {"member":"Dr.peter","Company":236} []
[2018-10-03 21:37:39] import.INFO: result {"member":"Samuel","Company":339} []
[2018-10-03 21:37:39] import.INFO: result {"member":"Eric Owusu","Company":192} []
[2018-10-03 21:37:39] import.INFO: result {"member":"Samuel","Company":76} []
[2018-10-03 21:37:39] import.INFO: result {"member":"Kobby Narteh","Company":452} []
[2018-10-03 21:37:39] import.INFO: result {"member":"","Company":512} []
[2018-10-03 21:37:39] import.INFO: result {"member":"Divine","Company":405} []
[2018-10-03 21:37:39] import.INFO: result {"member":"Ellen Dela","Company":39} []
[2018-10-03 21:37:39] import.INFO: result {"member":"Seth Kwadwo","Company":191} []
[2018-10-03 21:37:39] import.INFO: result {"member":"Philip D.","Company":587} []
[2018-10-03 21:37:39] import.INFO: result {"member":"Dr Bright","Company":211} []
